<?xml version="1.0" encoding="UTF-8"?>
<testsuite name="com.houarizegai.calculator.CalculatorUITest" tests="6" skipped="0" failures="0" errors="0" timestamp="2024-08-21T11:38:40" hostname="LAPTOP-AB1ALKVO" time="1.271">
  <properties/>
  <testcase name="[1] 3, 5, +, 8" classname="com.houarizegai.calculator.CalculatorUITest" time="0.965"/>
  <testcase name="[2] 2, 8, -, -6" classname="com.houarizegai.calculator.CalculatorUITest" time="0.143"/>
  <testcase name="[3] 44.5, 10, *, 445" classname="com.houarizegai.calculator.CalculatorUITest" time="0.043"/>
  <testcase name="[4] 320, 5, /, 64" classname="com.houarizegai.calculator.CalculatorUITest" time="0.039"/>
  <testcase name="[5] 3, 5, %, 3" classname="com.houarizegai.calculator.CalculatorUITest" time="0.034"/>
  <testcase name="[6] 5, 3, ^, 125" classname="com.houarizegai.calculator.CalculatorUITest" time="0.035"/>
  <system-out><![CDATA[]]></system-out>
  <system-err><![CDATA[]]></system-err>
</testsuite>
